|SourceProjectName:Electronic Arts Technical Support.hpr
|DestinationProjectName:Electronic_Arts_Technical_Support.htm
whhost.js
whmsg.js
whmozemu.js
whproxy.js
whstub.js
whutils.js
whver.js
whform.js
whphost.js
whstart.js
whtopic.js
whframes.js
whlang.js
whskin_info.htm
whskin_blank.htm
whskin_pickup.htm
whskin_homepage.htm
whskin_tw.htm
whnjs.htm
whthost.js
whtdhtml.htm
whihost.js
whibody.htm
whiform.htm
whfhost.js
whfbody.htm
whfform.htm
whghost.js
whgbody.htm
whgdhtml.htm
whgdef.htm
whproj.js
whproj.xml
whproj.htm
whxdata\whtoc.xml
whxdata\whidx.xml
whxdata\whfts.xml
whxdata\whglo.xml
whdata\whtoc.js
whdata\whtoc.htm
whdata\whtdata.js
whdata\whidx.js
whdata\whidx.htm
whdata\whidata.js
whdata\whfts.js
whdata\whfts.htm
whdata\whglo.js
whdata\whglo.htm
whdata\whgdata.js
whdata\whftdata.js
whdata\whfwdata.js
whres.xml
WebHelp.jar
WebHelp.cab
whgdata\whnvp30.htm
whgdata\whnvp31.htm
whgdata\whnvp32.htm
whgdata\whnvp33.htm
whgdata\whnvt30.htm
whgdata\whnvt31.htm
whgdata\whnvt32.htm
whgdata\whnvt33.htm
whgdata\whnvf30.htm
whgdata\whnvf31.htm
whgdata\whnvf32.htm
whgdata\whnvf33.htm
whgdata\whnvl31.htm
whgdata\whnvl32.htm
whgdata\whnvl33.htm
whgdata\whexpbar.gif
cshdat_webhelp.htm
whcsh_home.htm
whcshdata.htm
cshdat_robohelp.htm
wht_tab0.gif
wht_tab1.gif
wht_tab2.gif
wht_tab3.gif
wht_tab4.gif
wht_tab5.gif
wht_tab6.gif
wht_tab7.gif
wht_tab8.gif
wht_glo_h.gif
wht_glo_n.gif
wht_fts_h.gif
wht_fts_n.gif
wht_idx_h.gif
wht_idx_n.gif
wht_toc_h.gif
wht_toc_n.gif
wht_ws.gif
wht_ws_g.gif
wht_logo1.gif
wht_logo2.gif
wht_abgw.jpg
wht_abgi.jpg
wht_abge.jpg
wht_abtw.jpg
wht_abte.jpg
wht_abti.jpg
wht_spac.gif
wht_next.gif
wht_next_g.gif
wht_prev.gif
wht_prev_g.gif
wht_sync.gif
wht_hide.gif
wht_go.gif
whstart.ico
whestart.ico
whrstart.ico
whidhtml.htm
whfdhtml.htm
whskin_banner.htm
whtbar.js
greyback.gif
content.gif
index.gif
search.gif
other_index.gif
websearch.gif
go.gif
gray-left.gif
left-ar.gif
gray-rt.gif
right-ar.gif
directional.gif
close.gif
urls.gif
bookclosed.gif
book_open.gif
page.gif
whskin_pdhtml.htm
whskin_papplet.htm
whskin_plist.htm
whskin_tbars.htm
whskin_mbars.htm
whskin_frmset010.htm
whst_topics.xml
whskin_frmset01.htm
Electronic_Arts_Technical_Support_hha.hhk
Electronic_Arts_Technical_Support.hhc
Electronic_Arts_Technical_Support.hhk
DirectX\DX_Check_Direct3D.htm
DirectX\DX_Check_for_Signed_Drivers.htm
DirectX\DX_DirectX_Install_Issues.htm
DirectX\DX_DirectX_Requirements.htm
DirectX\DX_DirectX_Troubleshooting.htm
Install\INST_Installation_Troubleshooting.htm
Install\INST_Pre-Install_Preparation.htm
Install\Issues_After_Install\INST_Issues_After_Install.htm
Install\Issues_After_Install\INST_Windows_Looks_Different.htm
Install\Media_Issues\INST_Can_t_Read_A_File.htm
Install\Media_Issues\INST_Insert_CD_Error.htm
Install\Media_Issues\INST_Media_Issues.htm
Install\Media_Issues\INST_Selecting_a_Hard_Drive.htm
Install\Requirements_Issues\INST_Minimum_Requirements_.htm
Install\Requirements_Issues\INST_Out_Of_Disk_Space.htm
Install\Requirements_Issues\Requirements_Issues.htm
Online\ONLN_Can_t_See_LAN_Game.htm
Online\ONLN_Connection_Issues.htm
Online\ONLN_Online_Troubles.htm
Online\ONLN_Poor_Performance.htm
Playing_the_Game\Lockups\PLYG_Frozen_On_Screen.htm
Playing_the_Game\Lockups\PLYG_Lockups.htm
Playing_the_Game\Lockups\PLYG_Not_Responding_To_Input.htm
Playing_the_Game\Lockups\PLYG_Repeating_Sound.htm
Playing_the_Game\PLYG_Audio_Issues.htm
Playing_the_Game\PLYG_Controller_Does_Not_Work.htm
Playing_the_Game\PLYG_Crashing.htm
Playing_the_Game\PLYG_Errors_While_Playing.htm
Playing_the_Game\PLYG_Issues_While_Playing.htm
Playing_the_Game\PLYG_Poor_Performance.htm
Playing_the_Game\PLYG_Video_Issues.htm
Standard_Items\Check_Minimum_Requirements.htm
Standard_Items\Disk_Cleanup_and_Defrag.htm
Standard_Items\STND_Change_Screen_Resolution.htm
Standard_Items\STND_Changing_Drive_Letters.htm
Standard_Items\STND_Close_Background_Tasks.htm
Standard_Items\STND_Empty_Temporary_Internet_Files.htm
Standard_Items\STND_Lower_Sound_Acceleration.htm
Standard_Items\STND_Update_Drivers.htm
Standard_Items\STND_Virtual_Memory.htm
Starting_the_Game\Crashes\STRTG_CP_Crash.htm
Starting_the_Game\Crashes\STRTG_Crash_After_Full_Screen.htm
Starting_the_Game\Crashes\STRTG_Crashing_Back_To_Desktop.htm
Starting_the_Game\Lockups\STRTG_Blank_Screen_Lockup.htm
Starting_the_Game\Lockups\STRTG_CP_Lockup.htm
Starting_the_Game\Lockups\STRTG_Lockups.htm
Starting_the_Game\Lockups\STRTG_Repeating_Sound.htm
Starting_the_Game\STRTG_Errors.htm
Starting_the_Game\STRTG_Starting_the_Game.htm
Welcome.htm
eHelp.xml
RoboHHRE.lng
Electronic_Arts_Technical_Support.glo
default.css
HtmlHelp.css
images\online.jpg
images\check.jpg
deletefiles.JPG
images\tip.jpg
tempintfiles.JPG
DisplayDriver.JPG
EAhome07_03.gif
DXDisplay.JPG
images\startomg.jpg
D3D.JPG
images\go.jpg
images\gameplay.jpg
images\install.jpg
ehlpdhtm.js
Electronic_Arts_Technical_Support.ppf
default_ns.css
whxdata\whtdata0.xml
whxdata\whidata0.xml
whxdata\whftdata0.xml
whxdata\whfwdata0.xml
whdata\whtdata0.htm
whdata\whidata0.htm
whdata\whftdata0.htm
whdata\whfwdata0.htm
whgdata\whlstt0.htm
whgdata\whlstt1.htm
whgdata\whlstt2.htm
whgdata\whlstt3.htm
whgdata\whlstt4.htm
whgdata\whlstt5.htm
whgdata\whlstt6.htm
whgdata\whlstt7.htm
whgdata\whlstt8.htm
whgdata\whlstt9.htm
whgdata\whlstt10.htm
whgdata\whlstt11.htm
whgdata\whlstt12.htm
whgdata\whlsti0.htm
whgdata\whlstfl0.htm
whgdata\whlstfl1.htm
whgdata\whlstfl2.htm
whgdata\whlstfl3.htm
whgdata\whlstfl4.htm
whgdata\whlstfl5.htm
whgdata\whlstfl6.htm
whgdata\whlstfl7.htm
whgdata\whlstfl8.htm
whgdata\whlstfl9.htm
whgdata\whlstfl10.htm
whgdata\whlstfl11.htm
whgdata\whlstfl12.htm
whgdata\whlstfl13.htm
whgdata\whlstfl14.htm
whgdata\whlstfl15.htm
whgdata\whlstfl16.htm
whgdata\whlstfl17.htm
whgdata\whlstfl18.htm
whgdata\whlstfl19.htm
whgdata\whlstfl20.htm
whgdata\whlstfl21.htm
whgdata\whlstfl22.htm
whgdata\whlstfl23.htm
whgdata\whlstf0.htm
whgdata\whlstf1.htm
whgdata\whlstf2.htm
whgdata\whlstf3.htm
whgdata\whlstf4.htm
whgdata\whlstf5.htm
whgdata\whlstf6.htm
whgdata\whlstf7.htm
whgdata\whlstf8.htm
whgdata\whlstf9.htm
whgdata\whlstf10.htm
whgdata\whlstg0.htm
Electronic_Arts_Technical_Support.htm
Electronic_Arts_Technical_Support_csh.htm
Electronic_Arts_Technical_Support_rhc.htm
